<?xml version="1.0" encoding="UTF-8"?>
<beans xmlns="http://www.springframework.org/schema/beans" xmlns:xsi="http://www.w3.org/2001/XMLSchema-instance"
	xsi:schemaLocation="http://www.springframework.org/schema/beans
        http://www.springframework.org/schema/beans/spring-beans-4.2.xsd">

    <!-- Mock EntityScopeProvider for WmiPeerFactoryTest -->
    <bean id="entityScopeProvider" class="org.citadel.core.mate.api.EntityScopeProvider" />

</beans>